<?xml version="1.0" encoding="UTF-8"?>
<!-- Generated by org.testng.reporters.JUnitReportReporter -->
<testsuite hostname="DESKTOP-QV2KGQ4" failures="0" tests="2" name="tests.TestHomePage" time="4.977" errors="0" timestamp="2024-11-28T11:17:14 IST" skipped="0">
  <testcase classname="tests.TestHomePage" name="verifyLoginPage" time="2.796"/>
  <system-out/>
  <testcase classname="tests.TestHomePage" name="editAccountInformation" time="2.181"/>
  <system-out/>
</testsuite> <!-- tests.TestHomePage -->
