<?xml version="1.0" encoding="UTF-8"?>
<!-- Generated by org.testng.reporters.JUnitReportReporter -->
<testsuite hostname="DESKTOP-QV2KGQ4" failures="0" tests="2" name="tests.TestHomePage" time="4.274" errors="0" timestamp="2024-11-28T10:28:11 IST" skipped="0">
  <testcase classname="tests.TestHomePage" name="verifyLoginPage" time="2.262"/>
  <system-out/>
  <testcase classname="tests.TestHomePage" name="editAccountInformation" time="2.012"/>
  <system-out/>
</testsuite> <!-- tests.TestHomePage -->
