<?xml version="1.0" encoding="UTF-8"?>
<!-- Generated by org.testng.reporters.JUnitReportReporter -->
<testsuite hostname="DESKTOP-QV2KGQ4" failures="0" tests="1" name="tests.TestHomePage" time="2.213" errors="0" timestamp="2024-11-28T09:47:35 IST" skipped="0">
  <testcase classname="tests.TestHomePage" name="verifyLoginPage" time="2.213"/>
  <system-out/>
</testsuite> <!-- tests.TestHomePage -->
