<?xml version="1.0" encoding="UTF-8"?>
<!-- Generated by org.testng.reporters.JUnitReportReporter -->
<testsuite hostname="DESKTOP-QV2KGQ4" failures="0" tests="1" name="tests.TestClass" time="19.123" errors="0" timestamp="2024-11-26T18:15:50 IST" skipped="0">
  <testcase classname="tests.TestClass" name="setup" time="19.123"/>
  <system-out/>
</testsuite> <!-- tests.TestClass -->
